<?xml version="1.0" encoding="UTF-8"?>
<!-- Generated by org.testng.reporters.JUnitXMLReporter -->
<testsuite hostname="DESKTOP-14H19A0" failures="1" tests="10" name="personalloan" time="1.11" errors="0" timestamp="24 May 2020 19:16:12 GMT">
  <testcase classname="loanapplication.javaproject.testng2" name="sen" time="0.062"/>
  <testcase classname="loanapplication.javaproject.testng2" name="sen1" time="0.007"/>
  <testcase classname="loanapplication.javaproject.testng1" name="sen12" time="0.017"/>
  <testcase classname="loanapplication.javaproject.testng1" name="sen2" time="0.033"/>
  <testcase classname="loanapplication.javaproject.testng1" name="sen20" time="0.067"/>
  <testcase classname="loanapplication.javaproject.testng1" name="sen20" time="0.053"/>
  <testcase classname="loanapplication.javaproject.testng1" name="sen20" time="0.016"/>
  <testcase classname="loanapplication.javaproject.testng3" name="sen5" time="0.016"/>
  <testcase classname="loanapplication.javaproject.testng3" name="sen9" time="0.03">
    <failure type="java.lang.AssertionError" message="expected [true] but found [false]">
      <![CDATA[java.lang.AssertionError: expected [true] but found [false]
	at loanapplication.javaproject.testng3.sen9(testng3.java:39)
... Removed 28 stack frames]]>
    </failure>
  </testcase> <!-- sen9 -->
  <testcase classname="loanapplication.javaproject.testng1" name="sen3" time="0.017"/>
</testsuite> <!-- personalloan -->
