<?xml version="1.0" encoding="UTF-8"?>
<!-- Generated by org.testng.reporters.JUnitXMLReporter -->
<testsuite hostname="DESKTOP-14H19A0" failures="0" tests="6" name="Default test" time="0.324" errors="0" timestamp="26 May 2020 05:41:21 GMT">
  <testcase classname="loanapplication.javaproject.testng1" name="sen12" time="0.0">
    <skipped/>
  </testcase> <!-- sen12 -->
  <testcase classname="loanapplication.javaproject.testng1" name="sen2" time="0.037"/>
  <testcase classname="loanapplication.javaproject.testng1" name="sen20" time="0.01"/>
  <testcase classname="loanapplication.javaproject.testng1" name="sen20" time="0.041"/>
  <testcase classname="loanapplication.javaproject.testng1" name="sen20" time="0.007"/>
  <testcase classname="loanapplication.javaproject.testng1" name="sen3" time="0.0">
    <skipped/>
  </testcase> <!-- sen3 -->
</testsuite> <!-- Default test -->
