<?xml version="1.0" encoding="UTF-8"?>
<testng-results total="10" passed="9" failed="1" skipped="0">
  <reporter-output>
  </reporter-output>
  <suite started-at="2020-05-25T01:27:41Z" name="loan" finished-at="2020-05-25T01:27:42Z" duration-ms="360">
    <groups>
      <group name="smoke">
        <method signature="testng1.sen2()[pri:0, instance:loanapplication.javaproject.testng1@17497425]" name="sen2" class="loanapplication.javaproject.testng1"/>
      </group> <!-- smoke -->
    </groups>
    <test started-at="2020-05-25T01:27:41Z" name="personalloan" finished-at="2020-05-25T01:27:42Z" duration-ms="360">
      <class name="loanapplication.javaproject.testng3">
        <test-method is-config="true" signature="sen11()[pri:0, instance:loanapplication.javaproject.testng3@f0da945]" started-at="2020-05-24T18:27:41Z" name="sen11" finished-at="2020-05-24T18:27:41Z" duration-ms="2" status="PASS">
          <reporter-output>
          </reporter-output>
        </test-method> <!-- sen11 -->
        <test-method is-config="true" signature="sen8()[pri:0, instance:loanapplication.javaproject.testng3@f0da945]" started-at="2020-05-24T18:27:42Z" name="sen8" finished-at="2020-05-24T18:27:42Z" duration-ms="43" status="PASS">
          <reporter-output>
          </reporter-output>
        </test-method> <!-- sen8 -->
        <test-method is-config="true" signature="sen6()[pri:0, instance:loanapplication.javaproject.testng3@f0da945]" started-at="2020-05-24T18:27:42Z" name="sen6" finished-at="2020-05-24T18:27:42Z" duration-ms="1" status="PASS">
          <reporter-output>
          </reporter-output>
        </test-method> <!-- sen6 -->
        <test-method signature="sen5()[pri:0, instance:loanapplication.javaproject.testng3@f0da945]" started-at="2020-05-24T18:27:42Z" name="sen5" finished-at="2020-05-24T18:27:42Z" duration-ms="1" status="PASS">
          <reporter-output>
          </reporter-output>
        </test-method> <!-- sen5 -->
        <test-method is-config="true" signature="sen7()[pri:0, instance:loanapplication.javaproject.testng3@f0da945]" started-at="2020-05-24T18:27:42Z" name="sen7" finished-at="2020-05-24T18:27:42Z" duration-ms="7" status="PASS">
          <reporter-output>
          </reporter-output>
        </test-method> <!-- sen7 -->
        <test-method is-config="true" signature="sen6()[pri:0, instance:loanapplication.javaproject.testng3@f0da945]" started-at="2020-05-24T18:27:42Z" name="sen6" finished-at="2020-05-24T18:27:42Z" duration-ms="1" status="PASS">
          <reporter-output>
          </reporter-output>
        </test-method> <!-- sen6 -->
        <test-method signature="sen9()[pri:0, instance:loanapplication.javaproject.testng3@f0da945]" started-at="2020-05-24T18:27:42Z" name="sen9" finished-at="2020-05-24T18:27:42Z" duration-ms="12" status="FAIL">
          <exception class="java.lang.AssertionError">
            <message>
              <![CDATA[expected [true] but found [false]]]>
            </message>
            <full-stacktrace>
              <![CDATA[java.lang.AssertionError: expected [true] but found [false]
	at org.testng.Assert.fail(Assert.java:94)
	at org.testng.Assert.failNotEquals(Assert.java:496)
	at org.testng.Assert.assertTrue(Assert.java:42)
	at org.testng.Assert.assertTrue(Assert.java:52)
	at loanapplication.javaproject.testng3.sen9(testng3.java:39)
	at java.base/jdk.internal.reflect.NativeMethodAccessorImpl.invoke0(Native Method)
	at java.base/jdk.internal.reflect.NativeMethodAccessorImpl.invoke(NativeMethodAccessorImpl.java:62)
	at java.base/jdk.internal.reflect.DelegatingMethodAccessorImpl.invoke(DelegatingMethodAccessorImpl.java:43)
	at java.base/java.lang.reflect.Method.invoke(Method.java:564)
	at org.testng.internal.MethodInvocationHelper.invokeMethod(MethodInvocationHelper.java:85)
	at org.testng.internal.Invoker.invokeMethod(Invoker.java:639)
	at org.testng.internal.Invoker.invokeTestMethod(Invoker.java:816)
	at org.testng.internal.Invoker.invokeTestMethods(Invoker.java:1124)
	at org.testng.internal.TestMethodWorker.invokeTestMethods(TestMethodWorker.java:125)
	at org.testng.internal.TestMethodWorker.run(TestMethodWorker.java:108)
	at org.testng.TestRunner.privateRun(TestRunner.java:774)
	at org.testng.TestRunner.run(TestRunner.java:624)
	at org.testng.SuiteRunner.runTest(SuiteRunner.java:359)
	at org.testng.SuiteRunner.access$000(SuiteRunner.java:39)
	at org.testng.SuiteRunner$SuiteWorker.run(SuiteRunner.java:393)
	at org.testng.internal.thread.ThreadUtil$2.call(ThreadUtil.java:64)
	at java.base/java.util.concurrent.FutureTask.run(FutureTask.java:264)
	at java.base/java.util.concurrent.ThreadPoolExecutor.runWorker(ThreadPoolExecutor.java:1130)
	at java.base/java.util.concurrent.ThreadPoolExecutor$Worker.run(ThreadPoolExecutor.java:630)
	at java.base/java.lang.Thread.run(Thread.java:832)
]]>
            </full-stacktrace>
          </exception> <!-- java.lang.AssertionError -->
          <reporter-output>
          </reporter-output>
        </test-method> <!-- sen9 -->
        <test-method is-config="true" signature="sen7()[pri:0, instance:loanapplication.javaproject.testng3@f0da945]" started-at="2020-05-24T18:27:42Z" name="sen7" finished-at="2020-05-24T18:27:42Z" duration-ms="2" status="PASS">
          <reporter-output>
          </reporter-output>
        </test-method> <!-- sen7 -->
        <test-method is-config="true" signature="sen117()[pri:0, instance:loanapplication.javaproject.testng3@f0da945]" started-at="2020-05-24T18:27:42Z" name="sen117" finished-at="2020-05-24T18:27:42Z" duration-ms="1" status="PASS">
          <reporter-output>
          </reporter-output>
        </test-method> <!-- sen117 -->
        <test-method is-config="true" signature="sen10()[pri:0, instance:loanapplication.javaproject.testng3@f0da945]" started-at="2020-05-24T18:27:42Z" name="sen10" finished-at="2020-05-24T18:27:42Z" duration-ms="4" status="PASS">
          <reporter-output>
          </reporter-output>
        </test-method> <!-- sen10 -->
      </class> <!-- loanapplication.javaproject.testng3 -->
      <class name="loanapplication.javaproject.testng2">
        <test-method signature="sen()[pri:0, instance:loanapplication.javaproject.testng2@4803b726]" started-at="2020-05-24T18:27:41Z" name="sen" finished-at="2020-05-24T18:27:41Z" duration-ms="20" status="PASS">
          <reporter-output>
          </reporter-output>
        </test-method> <!-- sen -->
        <test-method signature="sen1()[pri:0, instance:loanapplication.javaproject.testng2@4803b726]" started-at="2020-05-24T18:27:42Z" name="sen1" finished-at="2020-05-24T18:27:42Z" duration-ms="12" status="PASS">
          <reporter-output>
          </reporter-output>
        </test-method> <!-- sen1 -->
      </class> <!-- loanapplication.javaproject.testng2 -->
      <class name="loanapplication.javaproject.testng1">
        <test-method is-config="true" signature="sen15()[pri:0, instance:loanapplication.javaproject.testng1@17497425]" started-at="2020-05-24T18:27:41Z" name="sen15" finished-at="2020-05-24T18:27:41Z" duration-ms="41" status="PASS">
          <reporter-output>
          </reporter-output>
        </test-method> <!-- sen15 -->
        <test-method signature="sen12(java.lang.String, java.lang.String)[pri:0, instance:loanapplication.javaproject.testng1@17497425]" started-at="2020-05-24T18:27:42Z" name="sen12" finished-at="2020-05-24T18:27:42Z" duration-ms="22" status="PASS">
          <params>
            <param index="0">
              <value>
                <![CDATA[http://google.com]]>
              </value>
            </param>
            <param index="1">
              <value>
                <![CDATA[senthil]]>
              </value>
            </param>
          </params>
          <reporter-output>
          </reporter-output>
        </test-method> <!-- sen12 -->
        <test-method signature="sen2()[pri:0, instance:loanapplication.javaproject.testng1@17497425]" started-at="2020-05-24T18:27:42Z" name="sen2" finished-at="2020-05-24T18:27:42Z" duration-ms="2" status="PASS">
          <reporter-output>
          </reporter-output>
        </test-method> <!-- sen2 -->
        <test-method signature="sen20(java.lang.String, java.lang.String)[pri:0, instance:loanapplication.javaproject.testng1@17497425]" started-at="2020-05-24T18:27:42Z" name="sen20" data-provider="sen14" finished-at="2020-05-24T18:27:42Z" duration-ms="3" status="PASS">
          <params>
            <param index="0">
              <value>
                <![CDATA[first]]>
              </value>
            </param>
            <param index="1">
              <value>
                <![CDATA[pass1]]>
              </value>
            </param>
          </params>
          <reporter-output>
          </reporter-output>
        </test-method> <!-- sen20 -->
        <test-method signature="sen20(java.lang.String, java.lang.String)[pri:0, instance:loanapplication.javaproject.testng1@17497425]" started-at="2020-05-24T18:27:42Z" name="sen20" data-provider="sen14" finished-at="2020-05-24T18:27:42Z" duration-ms="3" status="PASS">
          <params>
            <param index="0">
              <value>
                <![CDATA[second]]>
              </value>
            </param>
            <param index="1">
              <value>
                <![CDATA[pass2]]>
              </value>
            </param>
          </params>
          <reporter-output>
          </reporter-output>
        </test-method> <!-- sen20 -->
        <test-method signature="sen20(java.lang.String, java.lang.String)[pri:0, instance:loanapplication.javaproject.testng1@17497425]" started-at="2020-05-24T18:27:42Z" name="sen20" data-provider="sen14" finished-at="2020-05-24T18:27:42Z" duration-ms="4" status="PASS">
          <params>
            <param index="0">
              <value>
                <![CDATA[three]]>
              </value>
            </param>
            <param index="1">
              <value>
                <![CDATA[pass3]]>
              </value>
            </param>
          </params>
          <reporter-output>
          </reporter-output>
        </test-method> <!-- sen20 -->
        <test-method signature="sen3()[pri:0, instance:loanapplication.javaproject.testng1@17497425]" started-at="2020-05-24T18:27:42Z" name="sen3" finished-at="2020-05-24T18:27:42Z" depends-on-methods="loanapplication.javaproject.testng1.sen12" duration-ms="2" status="PASS">
          <reporter-output>
          </reporter-output>
        </test-method> <!-- sen3 -->
        <test-method is-config="true" signature="sen16()[pri:0, instance:loanapplication.javaproject.testng1@17497425]" started-at="2020-05-24T18:27:42Z" name="sen16" finished-at="2020-05-24T18:27:42Z" duration-ms="1" status="PASS">
          <reporter-output>
          </reporter-output>
        </test-method> <!-- sen16 -->
      </class> <!-- loanapplication.javaproject.testng1 -->
    </test> <!-- personalloan -->
  </suite> <!-- loan -->
</testng-results>
